<?xml version="1.0" encoding="UTF-8"?>
<Site BuildName="Win32-ninja"
	BuildStamp="20241205-1129-Experimental"
	Name="DESKTOP-6VPG3VO"
	Generator="ctest-3.30.1"
	CompilerName="C:/msys64/mingw64/bin/c++.exe"
	CompilerVersion="14.1.0"
	OSName="Windows"
	Hostname="DESKTOP-6VPG3VO"
	OSRelease=" Professional"
	OSVersion=" (Build 22631)"
	OSPlatform="AMD64"
	Is64Bits="1"
	VendorString=""
	VendorID="Unknown Manufacturer"
	FamilyID="0"
	ModelID="0"
	ProcessorCacheSize="0"
	NumberOfLogicalCPU="16"
	NumberOfPhysicalCPU="12"
	TotalVirtualMemory="25320"
	TotalPhysicalMemory="16104"
	LogicalProcessorsPerPhysical="1"
	ProcessorClockFrequency="3110"
	>
	<Testing>
		<StartDateTime>Dec 05 18:29 RTZ 6 (зима)</StartDateTime>
		<StartTestTime>1733398161</StartTestTime>
		<TestList/>
		<EndDateTime>Dec 05 18:29 RTZ 6 (зима)</EndDateTime>
		<EndTestTime>1733398161</EndTestTime>
		<ElapsedMinutes>0</ElapsedMinutes>
	</Testing>
</Site>
