Start testing: Oct 14 00:03 RTZ 6 (çèìà)
----------------------------------------------------------
1/1 Testing: test_lab2
1/1 Test: test_lab2
Command: "C:/Users/PiroZHoCheck_2.0/Desktop/Fall_Semester_programing/out/build/GCC 13.2.0 x86_64-w64-mingw32 (mingw64)/test_ip_address.exe"
Directory: C:/Users/PiroZHoCheck_2.0/Desktop/Fall_Semester_programing/out/build/GCC 13.2.0 x86_64-w64-mingw32 (mingw64)
"test_lab2" start time: Oct 14 00:03 RTZ 6 (çèìà)
Output:
----------------------------------------------------------
[==========] Running 2 tests from 1 test suite.
[----------] Global test environment set-up.
[----------] 2 tests from Test
[ RUN      ] Test.1
[       OK ] Test.1 (0 ms)
[ RUN      ] Test.2
[       OK ] Test.2 (0 ms)
[----------] 2 tests from Test (0 ms total)

[----------] Global test environment tear-down
[==========] 2 tests from 1 test suite ran. (0 ms total)
[  PASSED  ] 2 tests.
<end of output>
Test time =   0.06 sec
----------------------------------------------------------
Test Passed.
"test_lab2" end time: Oct 14 00:03 RTZ 6 (çèìà)
"test_lab2" time elapsed: 00:00:00
----------------------------------------------------------

End testing: Oct 14 00:03 RTZ 6 (çèìà)
