<?xml version="1.0" encoding="UTF-8"?>
<Site BuildName="Win32-MSBuild"
	BuildStamp="20241106-1900-Experimental"
	Name="DESKTOP-6VPG3VO"
	Generator="ctest-3.28.0-msvc1"
	CompilerName="C:/Program Files/Microsoft Visual Studio/2022/Community/VC/Tools/MSVC/14.39.33519/bin/Hostx64/x64/cl.exe"
	CompilerVersion="19.39.33523.0"
	OSName="Windows"
	Hostname="DESKTOP-6VPG3VO"
	OSRelease=" Professional"
	OSVersion=" (Build 22631)"
	OSPlatform="AMD64"
	Is64Bits="1"
	VendorString="GenuineIntel"
	VendorID="Intel Corporation"
	FamilyID="6"
	ModelID="10"
	ProcessorCacheSize="-1"
	NumberOfLogicalCPU="16"
	NumberOfPhysicalCPU="12"
	TotalVirtualMemory="17128"
	TotalPhysicalMemory="16104"
	LogicalProcessorsPerPhysical="1"
	ProcessorClockFrequency="3110"
	>
	<Testing>
		<StartDateTime>Nov 07 02:00 RTZ 6 (зима)</StartDateTime>
		<StartTestTime>1730919624</StartTestTime>
		<TestList/>
		<EndDateTime>Nov 07 02:00 RTZ 6 (зима)</EndDateTime>
		<EndTestTime>1730919624</EndTestTime>
		<ElapsedMinutes>0</ElapsedMinutes>
	</Testing>
</Site>
